<?xml version="1.0" encoding="UTF-8"?>
<!-- Generated by org.testng.reporters.JUnitReportReporter -->
<testsuite hostname="Vinay" name="citysearch.TC01" tests="1" failures="0" timestamp="13 Nov 2017 03:26:58 GMT" time="21.560" errors="0">
  <testcase name="testCase01" time="21.560" classname="citysearch.TC01"/>
</testsuite> <!-- citysearch.TC01 -->
