<?xml version="1.0" encoding="UTF-8"?>
<!-- Generated by org.testng.reporters.JUnitReportReporter -->
<testsuite hostname="Vinay" name="travel1.Click_On_Callender" tests="1" failures="0" timestamp="14 Nov 2017 03:19:54 GMT" time="68.382" errors="0">
  <testcase name="test01" time="68.382" classname="travel1.Click_On_Callender"/>
</testsuite> <!-- travel1.Click_On_Callender -->
