<?xml version="1.0" encoding="UTF-8"?>
<!-- Generated by org.testng.reporters.JUnitReportReporter -->
<testsuite hostname="Vinay" name="citysearch.City_Search" tests="1" failures="0" timestamp="14 Nov 2017 03:28:53 GMT" time="169.867" errors="0">
  <testcase name="testcase01" time="169.867" classname="citysearch.City_Search"/>
</testsuite> <!-- citysearch.City_Search -->
